2019-01-25 06:02:04,374:INFO: Loading the dataset...
2019-01-25 06:02:04,375:INFO: loading vocabulary file bert-base-chinese-pytorch/vocab.txt
2019-01-25 06:02:07,316:INFO: - done.
2019-01-25 06:14:53,570:INFO: Loading the dataset...
2019-01-25 06:14:53,571:INFO: loading vocabulary file bert-base-chinese-pytorch/vocab.txt
2019-01-25 06:14:56,541:INFO: - done.
2019-01-25 06:15:09,225:INFO: Starting evaluation...
2019-01-25 06:18:01,725:INFO: Loading the dataset...
2019-01-25 06:18:01,725:INFO: loading vocabulary file bert-base-chinese-pytorch/vocab.txt
2019-01-25 06:18:04,699:INFO: - done.
2019-01-25 06:18:33,110:INFO: Loading the dataset...
2019-01-25 06:18:33,111:INFO: loading vocabulary file bert-base-chinese-pytorch/vocab.txt
2019-01-25 06:18:36,071:INFO: - done.
2019-01-25 06:23:14,208:INFO: Loading the dataset...
2019-01-25 06:23:14,209:INFO: loading vocabulary file bert-base-chinese-pytorch/vocab.txt
2019-01-25 06:23:17,196:INFO: - done.
2019-01-25 06:23:29,837:INFO: Starting evaluation...
2019-01-25 06:24:46,034:INFO: Loading the dataset...
2019-01-25 06:24:46,034:INFO: loading vocabulary file bert-base-chinese-pytorch/vocab.txt
2019-01-25 06:24:48,985:INFO: - done.
2019-01-25 06:25:00,235:INFO: Starting evaluation...
2019-01-25 06:25:36,190:INFO: - Test metrics: loss: 00.04; f1: 94.62
2019-01-25 06:25:37,963:INFO:              precision    recall  f1-score   support

        ORG      89.64     92.07     90.84      1287
        LOC      95.92     95.13     95.52      2790
        PER      96.36     96.43     96.39      1372

avg / total      94.54     94.73     94.63      5449

2020-01-21 15:44:20,704:INFO: Loading the dataset...
2020-01-21 15:44:20,736:INFO: loading vocabulary file bert-base-chinese-pytorch\vocab.txt
2020-01-21 15:44:21,986:INFO: - done.
2020-01-21 15:44:26,439:INFO: Starting evaluation...
2020-01-21 15:44:34,970:INFO: - Test metrics: loss: 00.04; f1: 83.15
2020-01-21 15:44:35,189:INFO:              precision    recall  f1-score   support

        ORG      73.48     85.71     79.13       805
        PER      78.36     95.08     85.92       895
        LOC      77.26     90.91     83.53      1816

avg / total      76.67     90.78     83.13      3516

2020-01-21 15:49:15,239:INFO: Loading the dataset...
2020-01-21 15:49:15,239:INFO: loading vocabulary file bert-base-chinese-pytorch\vocab.txt
2020-01-21 15:49:18,728:INFO: - done.
2020-01-21 15:51:04,772:INFO: Loading the dataset...
2020-01-21 15:51:04,772:INFO: loading vocabulary file bert-base-chinese-pytorch\vocab.txt
2020-01-21 15:51:06,698:INFO: - done.
2020-01-21 15:51:12,025:INFO: Starting evaluation...
2020-01-21 15:57:02,906:INFO: Loading the dataset...
2020-01-21 15:57:02,906:INFO: loading vocabulary file bert-base-chinese-pytorch\vocab.txt
2020-01-21 15:57:04,733:INFO: - done.
2020-01-21 15:57:08,048:INFO: Starting evaluation...
2020-01-21 16:59:44,203:INFO: Loading the dataset...
2020-01-21 17:01:32,500:INFO: Loading the dataset...
2020-01-21 17:02:07,648:INFO: Loading the dataset...
2020-01-21 17:02:07,649:INFO: loading vocabulary file bert-base-chinese-pytorch\vocab.txt
2020-01-21 17:02:07,679:INFO: - done.
2020-01-21 17:02:13,536:INFO: Starting evaluation...
2020-01-21 17:02:29,572:INFO: Loading the dataset...
2020-01-21 17:02:29,573:INFO: loading vocabulary file bert-base-chinese-pytorch\vocab.txt
2020-01-21 17:02:29,599:INFO: - done.
2020-01-21 17:02:33,764:INFO: Starting evaluation...
2020-01-21 17:02:52,903:INFO: Loading the dataset...
2020-01-21 17:02:52,904:INFO: loading vocabulary file bert-base-chinese-pytorch\vocab.txt
2020-01-21 17:02:52,930:INFO: - done.
2020-01-21 17:02:57,352:INFO: Starting evaluation...
2020-01-21 17:03:33,337:INFO: Loading the dataset...
2020-01-21 17:03:33,339:INFO: loading vocabulary file bert-base-chinese-pytorch\vocab.txt
2020-01-21 17:03:33,364:INFO: - done.
2020-01-21 17:03:37,592:INFO: Starting evaluation...
2020-01-21 17:03:51,262:INFO: Loading the dataset...
2020-01-21 17:03:51,263:INFO: loading vocabulary file bert-base-chinese-pytorch\vocab.txt
2020-01-21 17:03:51,288:INFO: - done.
2020-01-21 17:03:54,751:INFO: Starting evaluation...
2020-01-21 17:04:21,027:INFO: Loading the dataset...
2020-01-21 17:04:21,029:INFO: loading vocabulary file bert-base-chinese-pytorch\vocab.txt
2020-01-21 17:04:21,054:INFO: - done.
2020-01-21 17:04:24,370:INFO: Starting evaluation...
2020-01-21 17:05:19,366:INFO: Loading the dataset...
2020-01-21 17:05:19,367:INFO: loading vocabulary file bert-base-chinese-pytorch\vocab.txt
2020-01-21 17:05:19,391:INFO: - done.
2020-01-21 17:05:22,801:INFO: Starting evaluation...
2020-01-21 17:05:48,653:INFO: Loading the dataset...
2020-01-21 17:05:48,654:INFO: loading vocabulary file bert-base-chinese-pytorch\vocab.txt
2020-01-21 17:05:48,680:INFO: - done.
2020-01-21 17:05:51,984:INFO: Starting evaluation...
2020-01-21 17:08:02,806:INFO: Loading the dataset...
2020-01-21 17:08:02,807:INFO: loading vocabulary file bert-base-chinese-pytorch\vocab.txt
2020-01-21 17:08:06,445:INFO: Starting evaluation...
2020-01-21 17:08:20,045:INFO: Loading the dataset...
2020-01-21 17:08:20,047:INFO: loading vocabulary file bert-base-chinese-pytorch\vocab.txt
2020-01-21 17:08:23,127:INFO: Starting evaluation...
2020-01-21 17:08:37,972:INFO: Loading the dataset...
2020-01-21 17:08:37,973:INFO: loading vocabulary file bert-base-chinese-pytorch\vocab.txt
2020-01-21 17:08:41,278:INFO: Starting evaluation...
2020-01-21 17:09:16,542:INFO: Loading the dataset...
2020-01-21 17:09:16,543:INFO: loading vocabulary file bert-base-chinese-pytorch\vocab.txt
2020-01-21 17:09:19,857:INFO: Starting evaluation...
2020-01-21 17:09:39,058:INFO: Loading the dataset...
2020-01-21 17:09:39,059:INFO: loading vocabulary file bert-base-chinese-pytorch\vocab.txt
2020-01-21 17:09:42,310:INFO: Starting evaluation...
2020-01-22 09:57:26,740:INFO: Loading the dataset...
2020-01-22 09:57:40,157:INFO: Loading the dataset...
2020-01-22 09:57:40,158:INFO: loading vocabulary file bert-base-chinese-pytorch\vocab.txt
2020-01-22 10:00:17,539:INFO: Loading the dataset...
2020-01-22 10:00:17,539:INFO: loading vocabulary file bert-base-chinese-pytorch\vocab.txt
2020-01-22 10:02:33,215:INFO: Loading the dataset...
2020-01-22 10:02:33,216:INFO: loading vocabulary file bert-base-chinese-pytorch\vocab.txt
2020-01-22 10:03:51,482:INFO: Loading the dataset...
2020-01-22 10:03:51,483:INFO: loading vocabulary file bert-base-chinese-pytorch\vocab.txt
2020-01-22 10:07:47,638:INFO: Loading the dataset...
2020-01-22 10:07:47,638:INFO: loading vocabulary file bert-base-chinese-pytorch\vocab.txt
2020-01-22 10:08:22,676:INFO: Loading the dataset...
2020-01-22 10:08:22,677:INFO: loading vocabulary file bert-base-chinese-pytorch\vocab.txt
2020-01-22 10:09:00,692:INFO: Loading the dataset...
2020-01-22 10:09:00,693:INFO: loading vocabulary file bert-base-chinese-pytorch\vocab.txt
2020-01-22 10:09:46,847:INFO: Loading the dataset...
2020-01-22 10:09:46,847:INFO: loading vocabulary file bert-base-chinese-pytorch\vocab.txt
2020-01-22 10:11:35,445:INFO: datasets loaded.
2020-01-22 10:13:30,878:INFO: Loading the dataset...
2020-01-22 10:13:30,879:INFO: loading vocabulary file bert-base-chinese-pytorch\vocab.txt
2020-01-22 10:14:50,903:INFO: datasets loaded.
2020-01-22 10:15:40,071:INFO: Loading the dataset...
2020-01-22 10:15:40,073:INFO: loading vocabulary file bert-base-chinese-pytorch\vocab.txt
2020-01-22 10:16:48,196:INFO: Loading the dataset...
2020-01-22 10:16:48,197:INFO: loading vocabulary file bert-base-chinese-pytorch\vocab.txt
2020-01-22 10:18:11,311:INFO: datasets loaded.
2020-01-22 12:41:02,128:INFO: Loading the dataset...
2020-01-22 12:41:02,130:INFO: loading vocabulary file bert-base-chinese-pytorch\vocab.txt
2020-01-22 12:42:00,243:INFO: datasets loaded.
